\BOOKMARK [1][-]{section.1}{\376\377\000A\000l\000g\000o\000r\000i\000t\000m\000a\000\040\000D\000i\000v\000i\000d\000e\000\040\000a\000n\000d\000\040\000C\000o\000n\000q\000u\000e\000r}{}% 1
\BOOKMARK [2][-]{subsection.1.1}{\376\377\000G\000a\000m\000b\000a\000r\000a\000n\000\040\000U\000m\000u\000m}{section.1}% 2
\BOOKMARK [2][-]{subsection.1.2}{\376\377\000L\000a\000n\000g\000k\000a\000h\000-\000l\000a\000n\000g\000k\000a\000h\000\040\000A\000l\000g\000o\000r\000i\000t\000m\000a}{section.1}% 3
\BOOKMARK [3][-]{subsubsection.1.2.1}{\376\377\000M\000e\000m\000b\000a\000n\000g\000u\000n\000\040\000R\000o\000o\000t\000\040\000B\000o\000u\000n\000d\000i\000n\000g\000\040\000B\000o\000x}{subsection.1.2}% 4
\BOOKMARK [3][-]{subsubsection.1.2.2}{\376\377\000D\000i\000v\000i\000d\000e\000:\000\040\000M\000e\000m\000b\000a\000g\000i\000\040\000K\000u\000b\000u\000s\000\040\000M\000e\000n\000j\000a\000d\000i\000\040\0008\000\040\000O\000k\000t\000a\000n\000t}{subsection.1.2}% 5
\BOOKMARK [3][-]{subsubsection.1.2.3}{\376\377\000M\000e\000m\000e\000r\000i\000k\000s\000a\000\040\000I\000r\000i\000s\000a\000n\000\040\000P\000e\000r\000m\000u\000k\000a\000a\000n}{subsection.1.2}% 6
\BOOKMARK [3][-]{subsubsection.1.2.4}{\376\377\000C\000o\000n\000q\000u\000e\000r\000:\000\040\000R\000e\000k\000u\000r\000s\000i\000\040\000k\000e\000\040\000O\000k\000t\000a\000n\000t\000\040\000y\000a\000n\000g\000\040\000R\000e\000l\000e\000v\000a\000n}{subsection.1.2}% 7
\BOOKMARK [3][-]{subsubsection.1.2.5}{\376\377\000P\000e\000m\000b\000e\000n\000t\000u\000k\000a\000n\000\040\000V\000o\000x\000e\000l\000\040\000s\000e\000b\000a\000g\000a\000i\000\040\000B\000a\000s\000e\000\040\000C\000a\000s\000e}{subsection.1.2}% 8
\BOOKMARK [2][-]{subsection.1.3}{\376\377\000P\000s\000e\000u\000d\000o\000c\000o\000d\000e}{section.1}% 9
\BOOKMARK [2][-]{subsection.1.4}{\376\377\000K\000o\000m\000p\000l\000e\000k\000s\000i\000t\000a\000s\000\040\000W\000a\000k\000t\000u}{section.1}% 10
\BOOKMARK [1][-]{section.2}{\376\377\000I\000m\000p\000l\000e\000m\000e\000n\000t\000a\000s\000i}{}% 11
\BOOKMARK [2][-]{subsection.2.1}{\376\377\000S\000t\000r\000u\000k\000t\000u\000r\000\040\000F\000i\000l\000e}{section.2}% 12
\BOOKMARK [2][-]{subsection.2.2}{\376\377\000M\000o\000d\000u\000l\000\040\000P\000r\000o\000g\000r\000a\000m}{section.2}% 13
\BOOKMARK [2][-]{subsection.2.3}{\376\377\000V\000a\000l\000i\000d\000a\000s\000i\000\040\000I\000n\000p\000u\000t}{section.2}% 14
\BOOKMARK [2][-]{subsection.2.4}{\376\377\000F\000o\000r\000m\000a\000t\000\040\000O\000u\000t\000p\000u\000t}{section.2}% 15
\BOOKMARK [1][-]{section.3}{\376\377\000E\000k\000s\000p\000e\000r\000i\000m\000e\000n\000\040\000d\000a\000n\000\040\000H\000a\000s\000i\000l}{}% 16
\BOOKMARK [2][-]{subsection.3.1}{\376\377\000H\000a\000s\000i\000l\000\040\0001\000:\000\040\000K\000u\000b\000u\000s\000\040\000p\000a\000d\000a\000\040\000d\000e\000p\000t\000h\000\040\0004}{section.3}% 17
\BOOKMARK [2][-]{subsection.3.2}{\376\377\000H\000a\000s\000i\000l\000\040\0002\000:\000\040\000L\000i\000n\000e\000\040\000p\000a\000d\000a\000\040\000d\000e\000p\000t\000h\000\040\0003}{section.3}% 18
\BOOKMARK [2][-]{subsection.3.3}{\376\377\000H\000a\000s\000i\000l\000\040\0003\000:\000\040\000P\000u\000m\000p\000k\000i\000n\000\040\000p\000a\000d\000a\000\040\000d\000e\000p\000t\000h\000\040\0005}{section.3}% 19
\BOOKMARK [2][-]{subsection.3.4}{\376\377\000H\000a\000s\000i\000l\000\040\0004\000:\000\040\000P\000u\000m\000p\000k\000i\000n\000\040\000p\000a\000d\000a\000\040\000d\000e\000p\000t\000h\000\040\0007}{section.3}% 20
\BOOKMARK [2][-]{subsection.3.5}{\376\377\000H\000a\000s\000i\000l\000\040\0005\000:\000\040\000C\000o\000w\000\040\000p\000a\000d\000a\000\040\000d\000e\000p\000t\000h\000\040\0006}{section.3}% 21
\BOOKMARK [2][-]{subsection.3.6}{\376\377\000H\000a\000s\000i\000l\000\040\0006\000:\000\040\000C\000o\000w\000\040\000p\000a\000d\000a\000\040\000d\000e\000p\000t\000h\000\040\0008}{section.3}% 22
\BOOKMARK [2][-]{subsection.3.7}{\376\377\000H\000a\000s\000i\000l\000\040\0007\000:\000\040\000T\000e\000a\000p\000o\000t\000\040\000p\000a\000d\000a\000\040\000d\000e\000p\000t\000h\000\040\0006}{section.3}% 23
\BOOKMARK [2][-]{subsection.3.8}{\376\377\000H\000a\000s\000i\000l\000\040\0008\000:\000\040\000I\000n\000p\000u\000t\000\040\000T\000i\000d\000a\000k\000\040\000V\000a\000l\000i\000d}{section.3}% 24
\BOOKMARK [1][-]{section.4}{\376\377\000B\000o\000n\000u\000s\000\040\000V\000i\000s\000u\000a\000l\000i\000s\000a\000s\000i}{}% 25
\BOOKMARK [2][-]{subsection.4.1}{\376\377\000A\000l\000u\000r\000\040\000R\000e\000n\000d\000e\000r\000i\000n\000g\000\040\000d\000a\000n\000\040\000I\000n\000t\000e\000r\000a\000k\000s\000i}{section.4}% 26
\BOOKMARK [3][-]{subsubsection.4.1.1}{\376\377\000M\000e\000m\000b\000a\000c\000a\000\040\000M\000o\000d\000e\000l\000\040\000d\000a\000n\000\040\000M\000e\000n\000y\000i\000a\000p\000k\000a\000n\000\040\000D\000a\000t\000a\000\040\000G\000e\000o\000m\000e\000t\000r\000i}{subsection.4.1}% 27
\BOOKMARK [3][-]{subsubsection.4.1.2}{\376\377\000N\000o\000r\000m\000a\000l\000i\000s\000a\000s\000i\000\040\000M\000o\000d\000e\000l\000\040\000t\000e\000r\000h\000a\000d\000a\000p\000\040\000B\000o\000u\000n\000d\000i\000n\000g\000\040\000B\000o\000x}{subsection.4.1}% 28
\BOOKMARK [3][-]{subsubsection.4.1.3}{\376\377\000T\000r\000a\000n\000s\000f\000o\000r\000m\000a\000s\000i\000\040\000R\000u\000a\000n\000g\000\040\0003\000D\000\040\000k\000e\000\040\000L\000a\000y\000a\000r\000\040\0002\000D}{subsection.4.1}% 29
\BOOKMARK [3][-]{subsubsection.4.1.4}{\376\377\000P\000e\000n\000y\000a\000r\000i\000n\000g\000a\000n\000,\000\040\000P\000e\000n\000g\000u\000r\000u\000t\000a\000n\000,\000\040\000d\000a\000n\000\040\000P\000e\000w\000a\000r\000n\000a\000a\000n\000\040\000S\000e\000g\000i\000t\000i\000g\000a}{subsection.4.1}% 30
\BOOKMARK [3][-]{subsubsection.4.1.5}{\376\377\000I\000n\000t\000e\000r\000a\000k\000s\000i\000\040\000P\000e\000n\000g\000g\000u\000n\000a}{subsection.4.1}% 31
\BOOKMARK [2][-]{subsection.4.2}{\376\377\000P\000e\000r\000b\000a\000n\000d\000i\000n\000g\000a\000n\000\040\000V\000i\000s\000u\000a\000l\000i\000s\000a\000s\000i\000\040\000W\000e\000b\000\040\000d\000a\000n\000\040\000V\000i\000s\000u\000a\000l\000i\000z\000e\000r\000\040\000C\000+\000+}{section.4}% 32
\BOOKMARK [3][-]{subsubsection.4.2.1}{\376\377\000C\000o\000n\000t\000o\000h\000\040\0001\000:\000\040\000O\000b\000j\000e\000k\000\040\000C\000o\000w\000\040\000\050\000d\000e\000p\000t\000h\000\040\0006\000\051}{subsection.4.2}% 33
\BOOKMARK [3][-]{subsubsection.4.2.2}{\376\377\000C\000o\000n\000t\000o\000h\000\040\0002\000:\000\040\000O\000b\000j\000e\000k\000\040\000P\000u\000m\000p\000k\000i\000n\000\040\000\050\000d\000e\000p\000t\000h\000\040\0005\000\051}{subsection.4.2}% 34
\BOOKMARK [3][-]{subsubsection.4.2.3}{\376\377\000C\000o\000n\000t\000o\000h\000\040\0003\000:\000\040\000O\000b\000j\000e\000k\000\040\000T\000e\000a\000p\000o\000t\000\040\000\050\000d\000e\000p\000t\000h\000\040\0007\000\051}{subsection.4.2}% 35
\BOOKMARK [2][-]{subsection.4.3}{\376\377\000P\000e\000r\000b\000a\000n\000d\000i\000n\000g\000a\000n\000\040\000U\000m\000u\000m}{section.4}% 36
\BOOKMARK [1][-]{section.5}{\376\377\000L\000a\000m\000p\000i\000r\000a\000n}{}% 37
